app/build/outputs/logs/manifest-merger-debug-report.txt
-- Merging decision tree log ---
manifest
ADDED from src\main\AndroidManifest.xml:2:1-283:12
INJECTED from src\main\AndroidManifest.xml:2:1-283:12
INJECTED from src\main\AndroidManifest.xml:2:1-283:12
INJECTED from src\main\AndroidManifest.xml:2:1-283:12
INJECTED from src\main\AndroidManifest.xml:2:1-283:12
INJECTED from src\main\AndroidManifest.xml:2:1-283:12
INJECTED from src\main\AndroidManifest.xml:2:1-283:12
	package
		ADDED from src\main\AndroidManifest.xml:3:11-39
		INJECTED from src\main\AndroidManifest.xml
		INJECTED from src\main\AndroidManifest.xml
	android:versionName
		ADDED from src\main\AndroidManifest.xml:5:11-36
		INJECTED from src\main\AndroidManifest.xml
		INJECTED from src\main\AndroidManifest.xml
	xmlns:android
		ADDED from src\main\AndroidManifest.xml:2:11-69
	android:versionCode
		ADDED from src\main\AndroidManifest.xml:4:11-34
		INJECTED from src\main\AndroidManifest.xml
		INJECTED from src\main\AndroidManifest.xml
uses-sdk
ADDED from src\main\AndroidManifest.xml:7:5-43
INJECTED from src\main\AndroidManifest.xml:7:5-43
INJECTED from src\main\AndroidManifest.xml:7:5-43
INJECTED from src\main\AndroidManifest.xml:7:5-43
INJECTED from src\main\AndroidManifest.xml:7:5-43
	android:targetSdkVersion
		INJECTED from src\main\AndroidManifest.xml
		ADDED from src\main\AndroidManifest.xml:7:5-43
		INJECTED from src\main\AndroidManifest.xml
	android:minSdkVersion
		ADDED from src\main\AndroidManifest.xml:7:15-41
		INJECTED from src\main\AndroidManifest.xml
		INJECTED from src\main\AndroidManifest.xml
uses-permission#android.permission.CAMERA
ADDED from src\main\AndroidManifest.xml:9:5-64
	android:name
		ADDED from src\main\AndroidManifest.xml:9:22-62
uses-feature#android.hardware.camera
ADDED from src\main\AndroidManifest.xml:10:5-11:45
	android:required
		ADDED from src\main\AndroidManifest.xml:11:19-43
	android:name
		ADDED from src\main\AndroidManifest.xml:10:19-57
uses-permission#android.permission.WRITE_EXTERNAL_STORAGE
ADDED from src\main\AndroidManifest.xml:12:5-80
	android:name
		ADDED from src\main\AndroidManifest.xml:12:22-78
uses-permission#android.permission.READ_EXTERNAL_STORAGE
ADDED from src\main\AndroidManifest.xml:13:5-79
	android:name
		ADDED from src\main\AndroidManifest.xml:13:22-77
uses-permission#android.permission.VIBRATE
ADDED from src\main\AndroidManifest.xml:14:5-65
	android:name
		ADDED from src\main\AndroidManifest.xml:14:22-63
application
ADDED from src\main\AndroidManifest.xml:15:5-282:19
	android:label
		ADDED from src\main\AndroidManifest.xml:16:18-50
	android:icon
		ADDED from src\main\AndroidManifest.xml:15:18-52
activity#com.syafira.SIGITA.Splash
ADDED from src\main\AndroidManifest.xml:18:9-27:20
	android:label
		ADDED from src\main\AndroidManifest.xml:19:19-51
	android:configChanges
		ADDED from src\main\AndroidManifest.xml:20:19-80
	android:theme
		ADDED from src\main\AndroidManifest.xml:21:19-77
	android:name
		ADDED from src\main\AndroidManifest.xml:18:19-59
intent-filter#android.intent.action.MAIN+android.intent.category.LAUNCHER
ADDED from src\main\AndroidManifest.xml:23:13-26:29
action#android.intent.action.MAIN
ADDED from src\main\AndroidManifest.xml:24:17-68
	android:name
		ADDED from src\main\AndroidManifest.xml:24:25-66
category#android.intent.category.LAUNCHER
ADDED from src\main\AndroidManifest.xml:25:17-76
	android:name
		ADDED from src\main\AndroidManifest.xml:25:27-74
activity#com.syafira.SIGITA.Home
ADDED from src\main\AndroidManifest.xml:29:9-33:20
	android:label
		ADDED from src\main\AndroidManifest.xml:30:19-51
	android:configChanges
		ADDED from src\main\AndroidManifest.xml:31:19-80
	android:theme
		ADDED from src\main\AndroidManifest.xml:32:19-77
	android:name
		ADDED from src\main\AndroidManifest.xml:29:19-39
activity#com.syafira.SIGITA.ImageZoom
ADDED from src\main\AndroidManifest.xml:35:9-39:20
	android:label
		ADDED from src\main\AndroidManifest.xml:36:19-51
	android:configChanges
		ADDED from src\main\AndroidManifest.xml:37:19-80
	android:theme
		ADDED from src\main\AndroidManifest.xml:38:19-77
	android:name
		ADDED from src\main\AndroidManifest.xml:35:19-62
activity#com.syafira.SIGITA.Profil
ADDED from src\main\AndroidManifest.xml:41:9-45:20
	android:label
		ADDED from src\main\AndroidManifest.xml:42:19-51
	android:configChanges
		ADDED from src\main\AndroidManifest.xml:43:19-80
	android:theme
		ADDED from src\main\AndroidManifest.xml:44:19-77
	android:name
		ADDED from src\main\AndroidManifest.xml:41:19-59
activity#com.syafira.SIGITA.ProfilTambah
ADDED from src\main\AndroidManifest.xml:47:9-51:20
	android:label
		ADDED from src\main\AndroidManifest.xml:48:19-51
	android:configChanges
		ADDED from src\main\AndroidManifest.xml:49:19-80
	android:theme
		ADDED from src\main\AndroidManifest.xml:50:19-77
	android:name
		ADDED from src\main\AndroidManifest.xml:47:19-47
activity#com.syafira.SIGITA.ProfilDetail
ADDED from src\main\AndroidManifest.xml:53:9-57:20
	android:label
		ADDED from src\main\AndroidManifest.xml:54:19-51
	android:configChanges
		ADDED from src\main\AndroidManifest.xml:55:19-80
	android:theme
		ADDED from src\main\AndroidManifest.xml:56:19-77
	android:name
		ADDED from src\main\AndroidManifest.xml:53:19-47
activity#com.syafira.SIGITA.ProfilUbah
ADDED from src\main\AndroidManifest.xml:59:9-63:20
	android:label
		ADDED from src\main\AndroidManifest.xml:60:19-51
	android:configChanges
		ADDED from src\main\AndroidManifest.xml:61:19-80
	android:theme
		ADDED from src\main\AndroidManifest.xml:62:19-77
	android:name
		ADDED from src\main\AndroidManifest.xml:59:19-45
activity#com.syafira.SIGITA.ProfilHapus
ADDED from src\main\AndroidManifest.xml:65:9-69:20
	android:label
		ADDED from src\main\AndroidManifest.xml:66:19-51
	android:configChanges
		ADDED from src\main\AndroidManifest.xml:67:19-80
	android:theme
		ADDED from src\main\AndroidManifest.xml:68:19-77
	android:name
		ADDED from src\main\AndroidManifest.xml:65:19-46
activity#com.syafira.SIGITA.ProfilPasscode
ADDED from src\main\AndroidManifest.xml:71:9-75:20
	android:label
		ADDED from src\main\AndroidManifest.xml:72:19-51
	android:configChanges
		ADDED from src\main\AndroidManifest.xml:73:19-80
	android:theme
		ADDED from src\main\AndroidManifest.xml:74:19-77
	android:name
		ADDED from src\main\AndroidManifest.xml:71:19-49
activity#com.syafira.SIGITA.ProfilPasscodeTambah
ADDED from src\main\AndroidManifest.xml:77:9-81:20
	android:label
		ADDED from src\main\AndroidManifest.xml:78:19-51
	android:configChanges
		ADDED from src\main\AndroidManifest.xml:79:19-80
	android:theme
		ADDED from src\main\AndroidManifest.xml:80:19-77
	android:name
		ADDED from src\main\AndroidManifest.xml:77:19-55
activity#com.syafira.SIGITA.ProfilPasscodeCek
ADDED from src\main\AndroidManifest.xml:83:9-87:20
	android:label
		ADDED from src\main\AndroidManifest.xml:84:19-51
	android:configChanges
		ADDED from src\main\AndroidManifest.xml:85:19-80
	android:theme
		ADDED from src\main\AndroidManifest.xml:86:19-77
	android:name
		ADDED from src\main\AndroidManifest.xml:83:19-52
activity#com.syafira.SIGITA.ProfilPasscodeUbah
ADDED from src\main\AndroidManifest.xml:89:9-93:20
	android:label
		ADDED from src\main\AndroidManifest.xml:90:19-51
	android:configChanges
		ADDED from src\main\AndroidManifest.xml:91:19-80
	android:theme
		ADDED from src\main\AndroidManifest.xml:92:19-77
	android:name
		ADDED from src\main\AndroidManifest.xml:89:19-53
activity#com.syafira.SIGITA.ProfilPasscodeHapus
ADDED from src\main\AndroidManifest.xml:95:9-99:20
	android:label
		ADDED from src\main\AndroidManifest.xml:96:19-51
	android:configChanges
		ADDED from src\main\AndroidManifest.xml:97:19-80
	android:theme
		ADDED from src\main\AndroidManifest.xml:98:19-77
	android:name
		ADDED from src\main\AndroidManifest.xml:95:19-54
activity#com.syafira.SIGITA.Gizi
ADDED from src\main\AndroidManifest.xml:101:9-105:20
	android:label
		ADDED from src\main\AndroidManifest.xml:102:19-51
	android:configChanges
		ADDED from src\main\AndroidManifest.xml:103:19-80
	android:theme
		ADDED from src\main\AndroidManifest.xml:104:19-77
	android:name
		ADDED from src\main\AndroidManifest.xml:101:19-57
activity#com.syafira.SIGITA.GiziKalkulatorGizi
ADDED from src\main\AndroidManifest.xml:107:9-111:20
	android:label
		ADDED from src\main\AndroidManifest.xml:108:19-51
	android:configChanges
		ADDED from src\main\AndroidManifest.xml:109:19-80
	android:theme
		ADDED from src\main\AndroidManifest.xml:110:19-77
	android:name
		ADDED from src\main\AndroidManifest.xml:107:19-53
activity#com.syafira.SIGITA.GiziKalkulatorGiziHasil
ADDED from src\main\AndroidManifest.xml:113:9-117:20
	android:label
		ADDED from src\main\AndroidManifest.xml:114:19-51
	android:configChanges
		ADDED from src\main\AndroidManifest.xml:115:19-80
	android:theme
		ADDED from src\main\AndroidManifest.xml:116:19-77
	android:name
		ADDED from src\main\AndroidManifest.xml:113:19-58
activity#com.syafira.SIGITA.GiziDokumentasi
ADDED from src\main\AndroidManifest.xml:119:9-123:20
	android:label
		ADDED from src\main\AndroidManifest.xml:120:19-51
	android:configChanges
		ADDED from src\main\AndroidManifest.xml:121:19-80
	android:theme
		ADDED from src\main\AndroidManifest.xml:122:19-77
	android:name
		ADDED from src\main\AndroidManifest.xml:119:19-50
activity#com.syafira.SIGITA.GiziDokumentasiTambah
ADDED from src\main\AndroidManifest.xml:125:9-129:20
	android:label
		ADDED from src\main\AndroidManifest.xml:126:19-51
	android:configChanges
		ADDED from src\main\AndroidManifest.xml:127:19-80
	android:theme
		ADDED from src\main\AndroidManifest.xml:128:19-77
	android:name
		ADDED from src\main\AndroidManifest.xml:125:19-56
activity#com.syafira.SIGITA.GiziDokumentasiDetail
ADDED from src\main\AndroidManifest.xml:131:9-135:20
	android:label
		ADDED from src\main\AndroidManifest.xml:132:19-51
	android:configChanges
		ADDED from src\main\AndroidManifest.xml:133:19-80
	android:theme
		ADDED from src\main\AndroidManifest.xml:134:19-77
	android:name
		ADDED from src\main\AndroidManifest.xml:131:19-56
activity#com.syafira.SIGITA.GiziDokumentasiUbah
ADDED from src\main\AndroidManifest.xml:137:9-141:20
	android:label
		ADDED from src\main\AndroidManifest.xml:138:19-51
	android:configChanges
		ADDED from src\main\AndroidManifest.xml:139:19-80
	android:theme
		ADDED from src\main\AndroidManifest.xml:140:19-77
	android:name
		ADDED from src\main\AndroidManifest.xml:137:19-54
activity#com.syafira.SIGITA.GiziDokumentasiHapus
ADDED from src\main\AndroidManifest.xml:143:9-147:20
	android:label
		ADDED from src\main\AndroidManifest.xml:144:19-51
	android:configChanges
		ADDED from src\main\AndroidManifest.xml:145:19-80
	android:theme
		ADDED from src\main\AndroidManifest.xml:146:19-77
	android:name
		ADDED from src\main\AndroidManifest.xml:143:19-55
activity#com.syafira.SIGITA.Imunisasi
ADDED from src\main\AndroidManifest.xml:149:9-153:20
	android:label
		ADDED from src\main\AndroidManifest.xml:150:19-51
	android:configChanges
		ADDED from src\main\AndroidManifest.xml:151:19-80
	android:theme
		ADDED from src\main\AndroidManifest.xml:152:19-77
	android:name
		ADDED from src\main\AndroidManifest.xml:149:19-62
activity#com.syafira.SIGITA.ImunisasiJadwal
ADDED from src\main\AndroidManifest.xml:155:9-159:20
	android:label
		ADDED from src\main\AndroidManifest.xml:156:19-51
	android:configChanges
		ADDED from src\main\AndroidManifest.xml:157:19-80
	android:theme
		ADDED from src\main\AndroidManifest.xml:158:19-77
	android:name
		ADDED from src\main\AndroidManifest.xml:155:19-50
activity#com.syafira.SIGITA.ImunisasiJadwalDetail
ADDED from src\main\AndroidManifest.xml:161:9-165:20
	android:label
		ADDED from src\main\AndroidManifest.xml:162:19-51
	android:configChanges
		ADDED from src\main\AndroidManifest.xml:163:19-80
	android:theme
		ADDED from src\main\AndroidManifest.xml:164:19-77
	android:name
		ADDED from src\main\AndroidManifest.xml:161:19-56
activity#com.syafira.SIGITA.ImunisasiRiwayat
ADDED from src\main\AndroidManifest.xml:167:9-171:20
	android:label
		ADDED from src\main\AndroidManifest.xml:168:19-51
	android:configChanges
		ADDED from src\main\AndroidManifest.xml:169:19-80
	android:theme
		ADDED from src\main\AndroidManifest.xml:170:19-77
	android:name
		ADDED from src\main\AndroidManifest.xml:167:19-51
activity#com.syafira.SIGITA.ImunisasiRiwayatTambah
ADDED from src\main\AndroidManifest.xml:173:9-177:20
	android:label
		ADDED from src\main\AndroidManifest.xml:174:19-51
	android:configChanges
		ADDED from src\main\AndroidManifest.xml:175:19-80
	android:theme
		ADDED from src\main\AndroidManifest.xml:176:19-77
	android:name
		ADDED from src\main\AndroidManifest.xml:173:19-57
activity#com.syafira.SIGITA.ImunisasiRiwayatDetail
ADDED from src\main\AndroidManifest.xml:179:9-183:20
	android:label
		ADDED from src\main\AndroidManifest.xml:180:19-51
	android:configChanges
		ADDED from src\main\AndroidManifest.xml:181:19-80
	android:theme
		ADDED from src\main\AndroidManifest.xml:182:19-77
	android:name
		ADDED from src\main\AndroidManifest.xml:179:19-57
activity#com.syafira.SIGITA.ImunisasiRiwayatUbah
ADDED from src\main\AndroidManifest.xml:185:9-189:20
	android:label
		ADDED from src\main\AndroidManifest.xml:186:19-51
	android:configChanges
		ADDED from src\main\AndroidManifest.xml:187:19-80
	android:theme
		ADDED from src\main\AndroidManifest.xml:188:19-77
	android:name
		ADDED from src\main\AndroidManifest.xml:185:19-55
activity#com.syafira.SIGITA.ImunisasiRiwayatHapus
ADDED from src\main\AndroidManifest.xml:191:9-195:20
	android:label
		ADDED from src\main\AndroidManifest.xml:192:19-51
	android:configChanges
		ADDED from src\main\AndroidManifest.xml:193:19-80
	android:theme
		ADDED from src\main\AndroidManifest.xml:194:19-77
	android:name
		ADDED from src\main\AndroidManifest.xml:191:19-56
activity#com.syafira.SIGITA.ImunisasiAlarm
ADDED from src\main\AndroidManifest.xml:197:9-201:20
	android:label
		ADDED from src\main\AndroidManifest.xml:198:19-51
	android:configChanges
		ADDED from src\main\AndroidManifest.xml:199:19-80
	android:theme
		ADDED from src\main\AndroidManifest.xml:200:19-77
	android:name
		ADDED from src\main\AndroidManifest.xml:197:19-49
receiver#com.syafira.SIGITA.ImunisasiAlarmReceiver
ADDED from src\main\AndroidManifest.xml:203:9-59
	android:name
		ADDED from src\main\AndroidManifest.xml:203:19-57
activity#com.syafira.SIGITA.TumbuhKembang
ADDED from src\main\AndroidManifest.xml:205:9-209:20
	android:label
		ADDED from src\main\AndroidManifest.xml:206:19-51
	android:configChanges
		ADDED from src\main\AndroidManifest.xml:207:19-80
	android:theme
		ADDED from src\main\AndroidManifest.xml:208:19-77
	android:name
		ADDED from src\main\AndroidManifest.xml:205:19-48
activity#com.syafira.SIGITA.TumbuhKembangTahapan
ADDED from src\main\AndroidManifest.xml:211:9-215:20
	android:label
		ADDED from src\main\AndroidManifest.xml:212:19-51
	android:configChanges
		ADDED from src\main\AndroidManifest.xml:213:19-80
	android:theme
		ADDED from src\main\AndroidManifest.xml:214:19-77
	android:name
		ADDED from src\main\AndroidManifest.xml:211:19-55
activity#com.syafira.SIGITA.TumbuhKembangGaleri
ADDED from src\main\AndroidManifest.xml:217:9-221:20
	android:label
		ADDED from src\main\AndroidManifest.xml:218:19-51
	android:configChanges
		ADDED from src\main\AndroidManifest.xml:219:19-80
	android:theme
		ADDED from src\main\AndroidManifest.xml:220:19-77
	android:name
		ADDED from src\main\AndroidManifest.xml:217:19-54
activity#com.syafira.SIGITA.TumbuhKembangGaleriTambah
ADDED from src\main\AndroidManifest.xml:223:9-227:20
	android:label
		ADDED from src\main\AndroidManifest.xml:224:19-51
	android:configChanges
		ADDED from src\main\AndroidManifest.xml:225:19-80
	android:theme
		ADDED from src\main\AndroidManifest.xml:226:19-77
	android:name
		ADDED from src\main\AndroidManifest.xml:223:19-60
activity#com.syafira.SIGITA.TumbuhKembangGaleriDetail
ADDED from src\main\AndroidManifest.xml:229:9-233:20
	android:label
		ADDED from src\main\AndroidManifest.xml:230:19-51
	android:configChanges
		ADDED from src\main\AndroidManifest.xml:231:19-80
	android:theme
		ADDED from src\main\AndroidManifest.xml:232:19-77
	android:name
		ADDED from src\main\AndroidManifest.xml:229:19-60
activity#com.syafira.SIGITA.TumbuhKembangGaleriUbah
ADDED from src\main\AndroidManifest.xml:235:9-239:20
	android:label
		ADDED from src\main\AndroidManifest.xml:236:19-51
	android:configChanges
		ADDED from src\main\AndroidManifest.xml:237:19-80
	android:theme
		ADDED from src\main\AndroidManifest.xml:238:19-77
	android:name
		ADDED from src\main\AndroidManifest.xml:235:19-58
activity#com.syafira.SIGITA.TumbuhKembangGaleriHapus
ADDED from src\main\AndroidManifest.xml:241:9-245:20
	android:label
		ADDED from src\main\AndroidManifest.xml:242:19-51
	android:configChanges
		ADDED from src\main\AndroidManifest.xml:243:19-80
	android:theme
		ADDED from src\main\AndroidManifest.xml:244:19-77
	android:name
		ADDED from src\main\AndroidManifest.xml:241:19-59
activity#com.syafira.SIGITA.CatatanKesehatan
ADDED from src\main\AndroidManifest.xml:247:9-251:20
	android:label
		ADDED from src\main\AndroidManifest.xml:248:19-51
	android:configChanges
		ADDED from src\main\AndroidManifest.xml:249:19-80
	android:theme
		ADDED from src\main\AndroidManifest.xml:250:19-77
	android:name
		ADDED from src\main\AndroidManifest.xml:247:19-51
activity#com.syafira.SIGITA.CatatanKesehatanTambah
ADDED from src\main\AndroidManifest.xml:253:9-257:20
	android:label
		ADDED from src\main\AndroidManifest.xml:254:19-51
	android:configChanges
		ADDED from src\main\AndroidManifest.xml:255:19-80
	android:theme
		ADDED from src\main\AndroidManifest.xml:256:19-77
	android:name
		ADDED from src\main\AndroidManifest.xml:253:19-57
activity#com.syafira.SIGITA.CatatanKesehatanDetail
ADDED from src\main\AndroidManifest.xml:259:9-263:20
	android:label
		ADDED from src\main\AndroidManifest.xml:260:19-51
	android:configChanges
		ADDED from src\main\AndroidManifest.xml:261:19-80
	android:theme
		ADDED from src\main\AndroidManifest.xml:262:19-77
	android:name
		ADDED from src\main\AndroidManifest.xml:259:19-57
activity#com.syafira.SIGITA.CatatanKesehatanUbah
ADDED from src\main\AndroidManifest.xml:265:9-269:20
	android:label
		ADDED from src\main\AndroidManifest.xml:266:19-51
	android:configChanges
		ADDED from src\main\AndroidManifest.xml:267:19-80
	android:theme
		ADDED from src\main\AndroidManifest.xml:268:19-77
	android:name
		ADDED from src\main\AndroidManifest.xml:265:19-55
activity#com.syafira.SIGITA.CatatanKesehatanHapus
ADDED from src\main\AndroidManifest.xml:271:9-275:20
	android:label
		ADDED from src\main\AndroidManifest.xml:272:19-51
	android:configChanges
		ADDED from src\main\AndroidManifest.xml:273:19-80
	android:theme
		ADDED from src\main\AndroidManifest.xml:274:19-77
	android:name
		ADDED from src\main\AndroidManifest.xml:271:19-56
activity#com.syafira.SIGITA.TentangSIGITA
ADDED from src\main\AndroidManifest.xml:277:9-281:20
	android:label
		ADDED from src\main\AndroidManifest.xml:278:19-51
	android:configChanges
		ADDED from src\main\AndroidManifest.xml:279:19-80
	android:theme
		ADDED from src\main\AndroidManifest.xml:280:19-77
	android:name
		ADDED from src\main\AndroidManifest.xml:277:19-66